
2025/11/23 16:41:02 /Users/yzletter/go_project/go-postery/database/gorm/user.go:21 Error 1062 (23000): Duplicate entry 'yzletter' for key 'user.idx_name'
[2.134ms] [rows:0] INSERT INTO `user` (`name`,`password`) VALUES ('yzletter','e10adc3949ba59abbe56e057f20f883e')

2025/11/23 16:41:29 /Users/yzletter/go_project/go-postery/database/gorm/user.go:21 Error 1062 (23000): Duplicate entry 'yzletter' for key 'user.idx_name'
[3.004ms] [rows:0] INSERT INTO `user` (`name`,`password`) VALUES ('yzletter','e10adc3949ba59abbe56e057f20f883e')

2025/11/23 17:31:59 /Users/yzletter/go_project/go-postery/database/gorm/user.go:46
[2.797ms] [rows:1] DELETE FROM `user` WHERE `user`.`id` = 1

2025/11/23 17:32:23 /Users/yzletter/go_project/go-postery/database/gorm/user.go:21
[1.840ms] [rows:1] INSERT INTO `user` (`name`,`password`) VALUES ('yzletter','e10adc3949ba59abbe56e057f20f883e')

2025/11/23 17:32:23 /Users/yzletter/go_project/go-postery/database/gorm/user.go:21 Error 1062 (23000): Duplicate entry 'yzletter' for key 'user.idx_name'
[0.667ms] [rows:0] INSERT INTO `user` (`name`,`password`) VALUES ('yzletter','e10adc3949ba59abbe56e057f20f883e')

2025/11/23 17:34:01 /Users/yzletter/go_project/go-postery/database/gorm/user.go:46
[2.267ms] [rows:1] DELETE FROM `user` WHERE `user`.`id` = 5

2025/11/23 17:34:01 /Users/yzletter/go_project/go-postery/database/gorm/user.go:46
[0.167ms] [rows:0] DELETE FROM `user` WHERE `user`.`id` = 5

2025/11/23 17:43:45 /Users/yzletter/go_project/go-postery/database/gorm/user.go:22
[2.337ms] [rows:1] INSERT INTO `user` (`name`,`password`) VALUES ('yzletter','e10adc3949ba59abbe56e057f20f883e')

2025/11/23 17:43:45 /Users/yzletter/go_project/go-postery/database/gorm/user.go:22 Error 1062 (23000): Duplicate entry 'yzletter' for key 'user.idx_name'
[0.666ms] [rows:0] INSERT INTO `user` (`name`,`password`) VALUES ('yzletter','e10adc3949ba59abbe56e057f20f883e')

2025/11/23 17:44:25 /Users/yzletter/go_project/go-postery/database/gorm/user.go:61
[0.818ms] [rows:1] SELECT * FROM `user` WHERE `user`.`id` = 7 ORDER BY `user`.`id` LIMIT 1

2025/11/23 17:44:25 /Users/yzletter/go_project/go-postery/database/gorm/user.go:46
[1.032ms] [rows:1] DELETE FROM `user` WHERE `user`.`id` = 7

2025/11/23 17:44:25 /Users/yzletter/go_project/go-postery/database/gorm/user.go:61
[0.149ms] [rows:0] SELECT * FROM `user` WHERE `user`.`id` = 7 ORDER BY `user`.`id` LIMIT 1

2025/11/23 17:44:25 /Users/yzletter/go_project/go-postery/database/gorm/user.go:46
[0.124ms] [rows:0] DELETE FROM `user` WHERE `user`.`id` = 7

2025/11/23 17:52:53 /Users/yzletter/go_project/go-postery/database/gorm/user.go:22
[2.901ms] [rows:1] INSERT INTO `user` (`name`,`password`) VALUES ('yzletter','e10adc3949ba59abbe56e057f20f883e')

2025/11/23 17:52:53 /Users/yzletter/go_project/go-postery/database/gorm/user.go:22 Error 1062 (23000): Duplicate entry 'yzletter' for key 'user.idx_name'
[0.609ms] [rows:0] INSERT INTO `user` (`name`,`password`) VALUES ('yzletter','e10adc3949ba59abbe56e057f20f883e')

2025/11/23 17:53:54 /Users/yzletter/go_project/go-postery/database/gorm/user.go:75
[1.436ms] [rows:1] UPDATE `user` SET `password`='c33367701511b4f6020ec61ded352059' WHERE id=9 and password='e10adc3949ba59abbe56e057f20f883e'

2025/11/24 13:44:05 /Users/yzletter/go_project/go-postery/database/gorm/user.go:22
[6.428ms] [rows:1] INSERT INTO `user` (`name`,`password`) VALUES ('getuserbyname','e10adc3949ba59abbe56e057f20f883e')

2025/11/24 13:44:05 /Users/yzletter/go_project/go-postery/database/gorm/user.go:61
[1.037ms] [rows:1] SELECT * FROM `user` WHERE `user`.`id` = 11 ORDER BY `user`.`id` LIMIT 1

2025/11/24 13:44:05 /Users/yzletter/go_project/go-postery/database/gorm/user.go:76
[0.453ms] [rows:1] SELECT * FROM `user` WHERE name='getuserbyname' ORDER BY `user`.`id` LIMIT 1

2025/11/24 13:44:05 /Users/yzletter/go_project/go-postery/database/gorm/user.go:46
[1.280ms] [rows:1] DELETE FROM `user` WHERE `user`.`id` = 11

2025/11/24 14:05:43 /Users/yzletter/go_project/go-postery/database/gorm/user.go:76
[1.856ms] [rows:1] SELECT * FROM `user` WHERE name='yzletter' ORDER BY `user`.`id` LIMIT 1

2025/11/24 14:14:13 /Users/yzletter/go_project/go-postery/database/gorm/user.go:76
[2.231ms] [rows:1] SELECT * FROM `user` WHERE name='yzletter' ORDER BY `user`.`id` LIMIT 1

2025/11/24 14:41:51 /Users/yzletter/go_project/go-postery/database/gorm/user.go:22
[4.118ms] [rows:1] INSERT INTO `user` (`name`,`password`) VALUES ('yzletter2','e10adc3949ba59abbe56e057f20f883e')

2025/11/24 14:41:51 /Users/yzletter/go_project/go-postery/database/gorm/user.go:22 Error 1062 (23000): Duplicate entry 'yzletter' for key 'user.idx_name'
[0.830ms] [rows:0] INSERT INTO `user` (`name`,`password`) VALUES ('yzletter','e10adc3949ba59abbe56e057f20f883e')

2025/11/24 14:44:47 /Users/yzletter/go_project/go-postery/database/gorm/user.go:76
[1.975ms] [rows:1] SELECT * FROM `user` WHERE name='yzletter' ORDER BY `user`.`id` LIMIT 1

2025/11/24 14:47:18 /Users/yzletter/go_project/go-postery/database/gorm/user.go:76
[0.624ms] [rows:1] SELECT * FROM `user` WHERE name='yzletter' ORDER BY `user`.`id` LIMIT 1

2025/11/24 14:49:52 /Users/yzletter/go_project/go-postery/database/gorm/user.go:90
[4.801ms] [rows:1] UPDATE `user` SET `password`='e10adc3949ba59abbe56e057f20f883e' WHERE id=9 and password='c33367701511b4f6020ec61ded352059'

2025/11/24 14:49:55 /Users/yzletter/go_project/go-postery/database/gorm/user.go:90
[1.843ms] [rows:0] UPDATE `user` SET `password`='e10adc3949ba59abbe56e057f20f883e' WHERE id=9 and password='c33367701511b4f6020ec61ded352059'

2025/11/24 14:50:21 /Users/yzletter/go_project/go-postery/database/gorm/user.go:76
[0.837ms] [rows:1] SELECT * FROM `user` WHERE name='yzletter' ORDER BY `user`.`id` LIMIT 1

2025/11/24 14:50:43 /Users/yzletter/go_project/go-postery/database/gorm/user.go:76
[0.892ms] [rows:1] SELECT * FROM `user` WHERE name='yzletter' ORDER BY `user`.`id` LIMIT 1

2025/11/24 14:52:19 /Users/yzletter/go_project/go-postery/database/gorm/user.go:76
[0.495ms] [rows:1] SELECT * FROM `user` WHERE name='yzletter' ORDER BY `user`.`id` LIMIT 1

2025/11/24 14:52:59 /Users/yzletter/go_project/go-postery/database/gorm/user.go:90
[2.501ms] [rows:1] UPDATE `user` SET `password`='c33367701511b4f6020ec61ded352059' WHERE id=9 and password='e10adc3949ba59abbe56e057f20f883e'

2025/11/24 15:10:08 /Users/yzletter/go_project/go-postery/database/gorm/user.go:76
[1.958ms] [rows:1] SELECT * FROM `user` WHERE name='yzletter' ORDER BY `user`.`id` LIMIT 1

2025/11/24 15:10:14 /Users/yzletter/go_project/go-postery/database/gorm/user.go:76
[0.482ms] [rows:1] SELECT * FROM `user` WHERE name='yzletter' ORDER BY `user`.`id` LIMIT 1

2025/11/24 15:10:14 /Users/yzletter/go_project/go-postery/database/gorm/user.go:76
[0.508ms] [rows:1] SELECT * FROM `user` WHERE name='yzletter' ORDER BY `user`.`id` LIMIT 1

2025/11/24 15:10:15 /Users/yzletter/go_project/go-postery/database/gorm/user.go:76
[0.494ms] [rows:1] SELECT * FROM `user` WHERE name='yzletter' ORDER BY `user`.`id` LIMIT 1

2025/11/24 15:16:25 /Users/yzletter/go_project/go-postery/database/gorm/user.go:76
[1.165ms] [rows:1] SELECT * FROM `user` WHERE name='yzletter' ORDER BY `user`.`id` LIMIT 1

2025/11/24 15:17:17 /Users/yzletter/go_project/go-postery/database/gorm/user.go:76
[1.388ms] [rows:1] SELECT * FROM `user` WHERE name='yzletter' ORDER BY `user`.`id` LIMIT 1

2025/11/24 15:18:32 /Users/yzletter/go_project/go-postery/database/gorm/user.go:76
[1.395ms] [rows:1] SELECT * FROM `user` WHERE name='yzletter' ORDER BY `user`.`id` LIMIT 1

2025/11/24 15:18:40 /Users/yzletter/go_project/go-postery/database/gorm/user.go:76
[1.050ms] [rows:1] SELECT * FROM `user` WHERE name='yzletter' ORDER BY `user`.`id` LIMIT 1

2025/11/24 15:18:41 /Users/yzletter/go_project/go-postery/database/gorm/user.go:76
[0.410ms] [rows:1] SELECT * FROM `user` WHERE name='yzletter' ORDER BY `user`.`id` LIMIT 1

2025/11/24 15:18:41 /Users/yzletter/go_project/go-postery/database/gorm/user.go:76
[1.309ms] [rows:1] SELECT * FROM `user` WHERE name='yzletter' ORDER BY `user`.`id` LIMIT 1

2025/11/24 15:40:42 /Users/yzletter/go_project/go-postery/database/gorm/user.go:76
[1.597ms] [rows:1] SELECT * FROM `user` WHERE name='yzletter' ORDER BY `user`.`id` LIMIT 1

2025/11/24 15:42:39 /Users/yzletter/go_project/go-postery/database/gorm/user.go:90
[1.160ms] [rows:0] UPDATE `user` SET `password`='c33367701511b4f6020ec61ded352059' WHERE id=9 and password='e10adc3949ba59abbe56e057f20f883e'

2025/11/24 15:43:00 /Users/yzletter/go_project/go-postery/database/gorm/user.go:90
[2.159ms] [rows:1] UPDATE `user` SET `password`='e10adc3949ba59abbe56e057f20f883e' WHERE id=9 and password='c33367701511b4f6020ec61ded352059'

2025/11/24 15:43:22 /Users/yzletter/go_project/go-postery/database/gorm/user.go:90
[2.463ms] [rows:1] UPDATE `user` SET `password`='c33367701511b4f6020ec61ded352059' WHERE id=9 and password='e10adc3949ba59abbe56e057f20f883e'

2025/11/24 15:43:51 /Users/yzletter/go_project/go-postery/database/gorm/user.go:90
[0.399ms] [rows:0] UPDATE `user` SET `password`='c33367701511b4f6020ec61ded352059' WHERE id=9 and password='e10adc3949ba59abbe56e057f20f883e'

2025/11/24 15:43:55 /Users/yzletter/go_project/go-postery/database/gorm/user.go:90
[3.016ms] [rows:1] UPDATE `user` SET `password`='e10adc3949ba59abbe56e057f20f883e' WHERE id=9 and password='c33367701511b4f6020ec61ded352059'

2025/11/24 15:54:26 /Users/yzletter/go_project/go-postery/database/gorm/user.go:22
[3.767ms] [rows:1] INSERT INTO `user` (`name`,`password`) VALUES ('yzletter3','c33367701511b4f6020ec61ded352059')

2025/11/25 16:43:28 /Users/yzletter/go_project/go-postery/database/gorm/user.go:76
[2.059ms] [rows:1] SELECT * FROM `user` WHERE name='yzletter' ORDER BY `user`.`id` LIMIT 1

2025/11/25 16:43:33 /Users/yzletter/go_project/go-postery/database/gorm/user.go:76
[0.501ms] [rows:1] SELECT * FROM `user` WHERE name='yzletter' ORDER BY `user`.`id` LIMIT 1

2025/11/25 16:47:35 /Users/yzletter/go_project/go-postery/database/gorm/user.go:90
[3.711ms] [rows:1] UPDATE `user` SET `password`='c33367701511b4f6020ec61ded352059' WHERE id=9 and password='e10adc3949ba59abbe56e057f20f883e'

2025/11/25 16:47:53 /Users/yzletter/go_project/go-postery/database/gorm/user.go:90
[0.538ms] [rows:0] UPDATE `user` SET `password`='c33367701511b4f6020ec61ded352059' WHERE id=9 and password='e10adc3949ba59abbe56e057f20f883e'

2025/11/25 16:47:58 /Users/yzletter/go_project/go-postery/database/gorm/user.go:90
[1.450ms] [rows:1] UPDATE `user` SET `password`='e10adc3949ba59abbe56e057f20f883e' WHERE id=9 and password='c33367701511b4f6020ec61ded352059'

2025/11/25 16:48:55 /Users/yzletter/go_project/go-postery/database/gorm/user.go:90
[3.851ms] [rows:0] UPDATE `user` SET `password`='e10adc3949ba59abbe56e057f20f883e' WHERE id=9 and password='c33367701511b4f6020ec61ded352059'

2025/11/25 16:49:00 /Users/yzletter/go_project/go-postery/database/gorm/user.go:90
[8.582ms] [rows:1] UPDATE `user` SET `password`='c33367701511b4f6020ec61ded352059' WHERE id=9 and password='e10adc3949ba59abbe56e057f20f883e'

2025/11/25 16:50:42 /Users/yzletter/go_project/go-postery/database/gorm/user.go:90
[1.054ms] [rows:0] UPDATE `user` SET `password`='c33367701511b4f6020ec61ded352059' WHERE id=9 and password='e10adc3949ba59abbe56e057f20f883e'

2025/11/25 16:50:46 /Users/yzletter/go_project/go-postery/database/gorm/user.go:90
[1.469ms] [rows:1] UPDATE `user` SET `password`='e10adc3949ba59abbe56e057f20f883e' WHERE id=9 and password='c33367701511b4f6020ec61ded352059'

2025/11/25 16:51:00 /Users/yzletter/go_project/go-postery/database/gorm/user.go:90
[0.606ms] [rows:0] UPDATE `user` SET `password`='e10adc3949ba59abbe56e057f20f883e' WHERE id=9 and password='c33367701511b4f6020ec61ded352059'

2025/11/25 16:51:07 /Users/yzletter/go_project/go-postery/database/gorm/user.go:90
[1.921ms] [rows:1] UPDATE `user` SET `password`='c33367701511b4f6020ec61ded352059' WHERE id=9 and password='e10adc3949ba59abbe56e057f20f883e'

2025/11/25 16:52:04 /Users/yzletter/go_project/go-postery/database/gorm/user.go:76
[1.168ms] [rows:1] SELECT * FROM `user` WHERE name='yzletter' ORDER BY `user`.`id` LIMIT 1

2025/11/25 16:52:07 /Users/yzletter/go_project/go-postery/database/gorm/user.go:76
[0.597ms] [rows:1] SELECT * FROM `user` WHERE name='yzletter' ORDER BY `user`.`id` LIMIT 1

2025/11/25 16:52:11 /Users/yzletter/go_project/go-postery/database/gorm/user.go:76
[0.483ms] [rows:1] SELECT * FROM `user` WHERE name='yzletter' ORDER BY `user`.`id` LIMIT 1

2025/11/25 16:52:27 /Users/yzletter/go_project/go-postery/database/gorm/user.go:90
[0.519ms] [rows:0] UPDATE `user` SET `password`='c33367701511b4f6020ec61ded352059' WHERE id=9 and password='e10adc3949ba59abbe56e057f20f883e'

2025/11/25 16:52:31 /Users/yzletter/go_project/go-postery/database/gorm/user.go:90
[1.457ms] [rows:1] UPDATE `user` SET `password`='e10adc3949ba59abbe56e057f20f883e' WHERE id=9 and password='c33367701511b4f6020ec61ded352059'

2025/11/25 16:56:52 /Users/yzletter/go_project/go-postery/database/gorm/user.go:76
[1.135ms] [rows:1] SELECT * FROM `user` WHERE name='yzletter' ORDER BY `user`.`id` LIMIT 1

2025/11/25 16:56:56 /Users/yzletter/go_project/go-postery/database/gorm/user.go:76
[0.593ms] [rows:1] SELECT * FROM `user` WHERE name='yzletter' ORDER BY `user`.`id` LIMIT 1

2025/11/25 16:57:56 /Users/yzletter/go_project/go-postery/database/gorm/user.go:76
[0.844ms] [rows:1] SELECT * FROM `user` WHERE name='yzletter' ORDER BY `user`.`id` LIMIT 1

2025/11/25 22:11:56 /Users/yzletter/go_project/go-postery/database/gorm/user.go:76
[14.346ms] [rows:1] SELECT * FROM `user` WHERE name='yzletter' ORDER BY `user`.`id` LIMIT 1

2025/11/25 22:12:39 /Users/yzletter/go_project/go-postery/database/gorm/user.go:76
[0.475ms] [rows:1] SELECT * FROM `user` WHERE name='yzletter' ORDER BY `user`.`id` LIMIT 1

2025/11/25 22:12:52 /Users/yzletter/go_project/go-postery/database/gorm/user.go:76
[18.798ms] [rows:1] SELECT * FROM `user` WHERE name='yzletter' ORDER BY `user`.`id` LIMIT 1

2025/11/25 22:31:37 /Users/yzletter/go_project/go-postery/database/gorm/user.go:76
[1.444ms] [rows:1] SELECT * FROM `user` WHERE name='yzletter' ORDER BY `user`.`id` LIMIT 1

2025/11/25 22:32:14 /Users/yzletter/go_project/go-postery/database/gorm/user.go:76
[1.317ms] [rows:1] SELECT * FROM `user` WHERE name='yzletter' ORDER BY `user`.`id` LIMIT 1

2025/11/25 22:32:50 /Users/yzletter/go_project/go-postery/database/gorm/user.go:76
[1.010ms] [rows:1] SELECT * FROM `user` WHERE name='yzletter' ORDER BY `user`.`id` LIMIT 1

2025/11/25 22:33:15 /Users/yzletter/go_project/go-postery/database/gorm/user.go:76
[0.921ms] [rows:1] SELECT * FROM `user` WHERE name='yzletter' ORDER BY `user`.`id` LIMIT 1

2025/11/25 22:33:17 /Users/yzletter/go_project/go-postery/database/gorm/user.go:76
[0.925ms] [rows:1] SELECT * FROM `user` WHERE name='yzletter' ORDER BY `user`.`id` LIMIT 1

2025/11/25 22:33:27 /Users/yzletter/go_project/go-postery/database/gorm/user.go:76
[0.980ms] [rows:1] SELECT * FROM `user` WHERE name='yzletter' ORDER BY `user`.`id` LIMIT 1

2025/11/25 22:34:39 /Users/yzletter/go_project/go-postery/database/gorm/user.go:76
[0.442ms] [rows:1] SELECT * FROM `user` WHERE name='yzletter' ORDER BY `user`.`id` LIMIT 1

2025/11/25 22:39:18 /Users/yzletter/go_project/go-postery/database/gorm/user.go:76
[2.154ms] [rows:1] SELECT * FROM `user` WHERE name='yzletter' ORDER BY `user`.`id` LIMIT 1

2025/11/25 22:40:26 /Users/yzletter/go_project/go-postery/database/gorm/user.go:76
[0.965ms] [rows:1] SELECT * FROM `user` WHERE name='yzletter' ORDER BY `user`.`id` LIMIT 1

2025/11/25 22:40:54 /Users/yzletter/go_project/go-postery/database/gorm/user.go:76
[0.446ms] [rows:1] SELECT * FROM `user` WHERE name='yzletter' ORDER BY `user`.`id` LIMIT 1

2025/11/25 22:47:16 /Users/yzletter/go_project/go-postery/database/gorm/user.go:76
[1.093ms] [rows:1] SELECT * FROM `user` WHERE name='yzletter' ORDER BY `user`.`id` LIMIT 1

2025/11/25 22:47:53 /Users/yzletter/go_project/go-postery/database/gorm/user.go:90
[1.185ms] [rows:0] UPDATE `user` SET `password`='e10adc3949ba59abbe56e057f20f883e' WHERE id=9 and password='c33367701511b4f6020ec61ded352059'

2025/11/25 22:48:01 /Users/yzletter/go_project/go-postery/database/gorm/user.go:90
[2.494ms] [rows:1] UPDATE `user` SET `password`='c33367701511b4f6020ec61ded352059' WHERE id=9 and password='e10adc3949ba59abbe56e057f20f883e'

2025/11/25 22:52:03 /Users/yzletter/go_project/go-postery/database/gorm/user.go:76
[2.832ms] [rows:1] SELECT * FROM `user` WHERE name='yzletter' ORDER BY `user`.`id` LIMIT 1

2025/11/25 22:52:09 /Users/yzletter/go_project/go-postery/database/gorm/user.go:76
[0.494ms] [rows:1] SELECT * FROM `user` WHERE name='yzletter' ORDER BY `user`.`id` LIMIT 1

2025/11/25 22:57:15 /Users/yzletter/go_project/go-postery/database/gorm/user.go:76
[0.840ms] [rows:1] SELECT * FROM `user` WHERE name='yzletter' ORDER BY `user`.`id` LIMIT 1

2025/11/25 22:57:28 /Users/yzletter/go_project/go-postery/database/gorm/user.go:76
[1.134ms] [rows:1] SELECT * FROM `user` WHERE name='yzletter' ORDER BY `user`.`id` LIMIT 1

2025/11/25 22:57:48 /Users/yzletter/go_project/go-postery/database/gorm/user.go:76
[1.073ms] [rows:1] SELECT * FROM `user` WHERE name='yzletter' ORDER BY `user`.`id` LIMIT 1

2025/11/25 23:02:09 /Users/yzletter/go_project/go-postery/database/gorm/user.go:76
[1.593ms] [rows:1] SELECT * FROM `user` WHERE name='yzletter' ORDER BY `user`.`id` LIMIT 1

2025/11/25 23:09:41 /Users/yzletter/go_project/go-postery/database/gorm/user.go:76
[1.240ms] [rows:1] SELECT * FROM `user` WHERE name='yzletter' ORDER BY `user`.`id` LIMIT 1

2025/11/25 23:18:11 /Users/yzletter/go_project/go-postery/database/gorm/user.go:90
[0.999ms] [rows:0] UPDATE `user` SET `password`='c33367701511b4f6020ec61ded352059' WHERE id=9 and password='e10adc3949ba59abbe56e057f20f883e'

2025/11/25 23:21:19 /Users/yzletter/go_project/go-postery/database/gorm/user.go:90
[2.239ms] [rows:0] UPDATE `user` SET `password`='c33367701511b4f6020ec61ded352059' WHERE id=9 and password='e10adc3949ba59abbe56e057f20f883e'

2025/11/25 23:21:38 /Users/yzletter/go_project/go-postery/database/gorm/user.go:90
[2.969ms] [rows:1] UPDATE `user` SET `password`='e10adc3949ba59abbe56e057f20f883e' WHERE id=9 and password='c33367701511b4f6020ec61ded352059'

2025/11/25 23:24:45 /Users/yzletter/go_project/go-postery/database/gorm/user.go:90
[3.701ms] [rows:1] UPDATE `user` SET `password`='c33367701511b4f6020ec61ded352059' WHERE id=9 and password='e10adc3949ba59abbe56e057f20f883e'

2025/11/25 23:25:04 /Users/yzletter/go_project/go-postery/database/gorm/user.go:90
[0.966ms] [rows:0] UPDATE `user` SET `password`='c33367701511b4f6020ec61ded352059' WHERE id=9 and password='e10adc3949ba59abbe56e057f20f883e'

2025/11/25 23:25:21 /Users/yzletter/go_project/go-postery/database/gorm/user.go:90
[2.541ms] [rows:1] UPDATE `user` SET `password`='e10adc3949ba59abbe56e057f20f883e' WHERE id=9 and password='c33367701511b4f6020ec61ded352059'

2025/11/25 23:25:35 /Users/yzletter/go_project/go-postery/database/gorm/user.go:76
[1.677ms] [rows:1] SELECT * FROM `user` WHERE name='yzletter' ORDER BY `user`.`id` LIMIT 1

2025/11/25 23:25:54 /Users/yzletter/go_project/go-postery/database/gorm/user.go:90
[1.456ms] [rows:1] UPDATE `user` SET `password`='96e79218965eb72c92a549dd5a330112' WHERE id=9 and password='e10adc3949ba59abbe56e057f20f883e'

2025/11/25 23:28:06 /Users/yzletter/go_project/go-postery/database/gorm/user.go:90
[2.328ms] [rows:1] UPDATE `user` SET `password`='e3ceb5881a0a1fdaad01296d7554868d' WHERE id=9 and password='96e79218965eb72c92a549dd5a330112'

2025/11/25 23:28:52 /Users/yzletter/go_project/go-postery/database/gorm/user.go:90
[1.857ms] [rows:1] UPDATE `user` SET `password`='96e79218965eb72c92a549dd5a330112' WHERE id=9 and password='e3ceb5881a0a1fdaad01296d7554868d'

2025/11/25 23:31:38 /Users/yzletter/go_project/go-postery/database/gorm/user.go:76
[1.068ms] [rows:1] SELECT * FROM `user` WHERE name='yzletter' ORDER BY `user`.`id` LIMIT 1

2025/11/25 23:31:41 /Users/yzletter/go_project/go-postery/database/gorm/user.go:76
[0.706ms] [rows:1] SELECT * FROM `user` WHERE name='yzletter' ORDER BY `user`.`id` LIMIT 1

2025/11/25 23:34:34 /Users/yzletter/go_project/go-postery/database/gorm/user.go:90
[0.572ms] [rows:0] UPDATE `user` SET `password`='96e79218965eb72c92a549dd5a330112' WHERE id=9 and password='e3ceb5881a0a1fdaad01296d7554868d'

2025/11/25 23:34:50 /Users/yzletter/go_project/go-postery/database/gorm/user.go:90
[2.479ms] [rows:1] UPDATE `user` SET `password`='e3ceb5881a0a1fdaad01296d7554868d' WHERE id=9 and password='96e79218965eb72c92a549dd5a330112'

2025/11/25 23:35:24 /Users/yzletter/go_project/go-postery/database/gorm/user.go:90
[1.750ms] [rows:1] UPDATE `user` SET `password`='96e79218965eb72c92a549dd5a330112' WHERE id=9 and password='e3ceb5881a0a1fdaad01296d7554868d'

2025/11/25 23:36:37 /Users/yzletter/go_project/go-postery/database/gorm/user.go:90
[0.547ms] [rows:0] UPDATE `user` SET `password`='1a100d2c0dab19c4430e7d73762b3423' WHERE id=9 and password='e3ceb5881a0a1fdaad01296d7554868d'

2025/11/25 23:36:45 /Users/yzletter/go_project/go-postery/database/gorm/user.go:90
[0.807ms] [rows:0] UPDATE `user` SET `password`='e3ceb5881a0a1fdaad01296d7554868d' WHERE id=9 and password='1a100d2c0dab19c4430e7d73762b3423'

2025/11/25 23:37:09 /Users/yzletter/go_project/go-postery/database/gorm/user.go:90
[0.835ms] [rows:0] UPDATE `user` SET `password`='1a100d2c0dab19c4430e7d73762b3423' WHERE id=9 and password='e3ceb5881a0a1fdaad01296d7554868d'

2025/11/25 23:37:19 /Users/yzletter/go_project/go-postery/database/gorm/user.go:90
[0.458ms] [rows:0] UPDATE `user` SET `password`='e3ceb5881a0a1fdaad01296d7554868d' WHERE id=9 and password='1a100d2c0dab19c4430e7d73762b3423'

2025/11/25 23:38:01 /Users/yzletter/go_project/go-postery/database/gorm/user.go:90
[0.893ms] [rows:0] UPDATE `user` SET `password`='1a100d2c0dab19c4430e7d73762b3423' WHERE id=9 and password='e3ceb5881a0a1fdaad01296d7554868d'

2025/11/25 23:38:10 /Users/yzletter/go_project/go-postery/database/gorm/user.go:90
[0.652ms] [rows:0] UPDATE `user` SET `password`='e3ceb5881a0a1fdaad01296d7554868d' WHERE id=9 and password='73882ab1fa529d7273da0db6b49cc4f3'

2025/11/25 23:39:21 /Users/yzletter/go_project/go-postery/database/gorm/user.go:90
[2.906ms] [rows:1] UPDATE `user` SET `password`='96e79218965eb72c92a549dd5a330112' WHERE id=9 and password='e10adc3949ba59abbe56e057f20f883e'

2025/11/25 23:40:32 /Users/yzletter/go_project/go-postery/database/gorm/user.go:90
[1.333ms] [rows:1] UPDATE `user` SET `password`='e3ceb5881a0a1fdaad01296d7554868d' WHERE id=9 and password='96e79218965eb72c92a549dd5a330112'

2025/11/25 23:42:38 /Users/yzletter/go_project/go-postery/database/gorm/user.go:90
[3.017ms] [rows:1] UPDATE `user` SET `password`='96e79218965eb72c92a549dd5a330112' WHERE id=9 and password='e3ceb5881a0a1fdaad01296d7554868d'

2025/11/25 23:42:54 /Users/yzletter/go_project/go-postery/database/gorm/user.go:90
[2.291ms] [rows:1] UPDATE `user` SET `password`='e3ceb5881a0a1fdaad01296d7554868d' WHERE id=9 and password='96e79218965eb72c92a549dd5a330112'

2025/11/25 23:43:09 /Users/yzletter/go_project/go-postery/database/gorm/user.go:90
[1.613ms] [rows:0] UPDATE `user` SET `password`='e3ceb5881a0a1fdaad01296d7554868d' WHERE id=9 and password='96e79218965eb72c92a549dd5a330112'

2025/11/25 23:43:17 /Users/yzletter/go_project/go-postery/database/gorm/user.go:90
[1.247ms] [rows:1] UPDATE `user` SET `password`='96e79218965eb72c92a549dd5a330112' WHERE id=9 and password='e3ceb5881a0a1fdaad01296d7554868d'

2025/11/25 23:43:45 /Users/yzletter/go_project/go-postery/database/gorm/user.go:22
[1.266ms] [rows:1] INSERT INTO `user` (`name`,`password`) VALUES ('sylar','e10adc3949ba59abbe56e057f20f883e')

2025/11/25 23:47:23 /Users/yzletter/go_project/go-postery/database/gorm/user.go:76
[3.412ms] [rows:1] SELECT * FROM `user` WHERE name='sylar' ORDER BY `user`.`id` LIMIT 1

2025/11/25 23:49:04 /Users/yzletter/go_project/go-postery/database/gorm/user.go:76
[0.946ms] [rows:1] SELECT * FROM `user` WHERE name='sylar' ORDER BY `user`.`id` LIMIT 1

2025/11/25 23:49:42 /Users/yzletter/go_project/go-postery/database/gorm/user.go:22
[2.711ms] [rows:1] INSERT INTO `user` (`name`,`password`) VALUES ('sylar2','e10adc3949ba59abbe56e057f20f883e')

2025/11/25 23:55:13 /Users/yzletter/go_project/go-postery/database/gorm/user.go:22
[5.224ms] [rows:1] INSERT INTO `user` (`name`,`password`) VALUES ('sylar3','e10adc3949ba59abbe56e057f20f883e')

2025/11/25 23:55:13 /Users/yzletter/go_project/go-postery/database/gorm/user.go:76
[1.554ms] [rows:1] SELECT * FROM `user` WHERE name='sylar3' ORDER BY `user`.`id` LIMIT 1

2025/11/25 23:55:30 /Users/yzletter/go_project/go-postery/database/gorm/user.go:90
[2.951ms] [rows:1] UPDATE `user` SET `password`='96e79218965eb72c92a549dd5a330112' WHERE id=17 and password='e10adc3949ba59abbe56e057f20f883e'
